TrabalhoN1-main/app/build/intermediates/manifest_merge_blame_file/debug/manifest-merger-blame-debug-report.txt
1<?xml version="1.0" encoding="utf-8"?>
2<manifest xmlns:android="http://schemas.android.com/apk/res/android"
3    package="com.luigi.trabalhon1"
4    android:versionCode="1"
5    android:versionName="1.0" >
6
7    <uses-sdk
8        android:minSdkVersion="26"
8-->src\main\AndroidManifest.xml
9        android:targetSdkVersion="30" />
9-->src\main\AndroidManifest.xml
10
11    <uses-permission android:name="android.permission.WRITE_EXTERNAL_STORAGE" />
11-->src\main\AndroidManifest.xml:4:5-81
11-->src\main\AndroidManifest.xml:4:22-78
12
13    <application
13-->src\main\AndroidManifest.xml:7:5-25:19
14        android:allowBackup="true"
14-->src\main\AndroidManifest.xml:8:9-35
15        android:appComponentFactory="androidx.core.app.CoreComponentFactory"
15-->[androidx.core:core:1.3.1] AndroidManifest.xml:24:18-86
16        android:debuggable="true"
17        android:extractNativeLibs="false"
18        android:icon="@mipmap/ic_launcher"
18-->src\main\AndroidManifest.xml:9:9-43
19        android:label="@string/app_name"
19-->src\main\AndroidManifest.xml:10:9-41
20        android:roundIcon="@mipmap/ic_launcher_foreground"
20-->src\main\AndroidManifest.xml:11:9-59
21        android:supportsRtl="true"
21-->src\main\AndroidManifest.xml:12:9-35
22        android:testOnly="true"
23        android:theme="@style/Theme.TrabalhoN1" >
23-->src\main\AndroidManifest.xml:13:9-48
24        <activity android:name="com.luigi.trabalhon1.ListaActivity" />
24-->src\main\AndroidManifest.xml:14:9-51
24-->src\main\AndroidManifest.xml:14:19-48
25        <activity
25-->src\main\AndroidManifest.xml:15:9-24:20
26            android:name="com.luigi.trabalhon1.MainActivity"
26-->src\main\AndroidManifest.xml:16:13-41
27            android:label="@string/app_name"
27-->src\main\AndroidManifest.xml:17:13-45
28            android:theme="@style/Theme.TrabalhoN1.NoActionBar" >
28-->src\main\AndroidManifest.xml:18:13-64
29            <intent-filter>
29-->src\main\AndroidManifest.xml:19:13-23:29
30                <action android:name="android.intent.action.MAIN" />
30-->src\main\AndroidManifest.xml:20:17-69
30-->src\main\AndroidManifest.xml:20:25-66
31
32                <category android:name="android.intent.category.LAUNCHER" />
32-->src\main\AndroidManifest.xml:22:17-77
32-->src\main\AndroidManifest.xml:22:27-74
33            </intent-filter>
34        </activity>
35    </application>
36
37</manifest>